<?xml version="1.0" encoding="UTF-8"?>
<testsuite name="runner.ApiRunner" tests="0" skipped="0" failures="0" errors="0" timestamp="1970-01-01T00:00:00" hostname="PVSNB0114" time="0.0">
  <properties/>
  <system-out><![CDATA[BeforeAll
AfterAll
]]></system-out>
  <system-err><![CDATA[]]></system-err>
</testsuite>
